<?xml version="1.0" encoding="UTF-8"?>
<testng-results skipped="0" failed="1" total="4" passed="3">
  <reporter-output>
  </reporter-output>
  <suite name="Default suite" duration-ms="60579" started-at="2018-07-12T06:08:04Z" finished-at="2018-07-12T06:09:05Z">
    <groups>
      <group name="flipkart">
        <method signature="Flipcart.display()[pri:0, instance:com.test.automation.Flipcart@1bce4f0a]" name="display" class="com.test.automation.Flipcart"/>
        <method signature="Flipcart.find()[pri:0, instance:com.test.automation.Flipcart@1bce4f0a]" name="find" class="com.test.automation.Flipcart"/>
      </group> <!-- flipkart -->
      <group name="google">
        <method signature="Flipcart.show()[pri:0, instance:com.test.automation.Flipcart@1bce4f0a]" name="show" class="com.test.automation.Flipcart"/>
        <method signature="Flipcart.init()[pri:0, instance:com.test.automation.Flipcart@1bce4f0a]" name="init" class="com.test.automation.Flipcart"/>
      </group> <!-- google -->
    </groups>
    <test name="Default test" duration-ms="60579" started-at="2018-07-12T06:08:04Z" finished-at="2018-07-12T06:09:05Z">
      <class name="com.test.automation.Flipcart">
        <test-method status="PASS" signature="DependencyTestUsingAnnotation()[pri:0, instance:com.test.automation.Flipcart@1bce4f0a]" name="DependencyTestUsingAnnotation" is-config="true" duration-ms="3107" started-at="2018-07-12T11:38:04Z" finished-at="2018-07-12T11:38:07Z">
          <reporter-output>
          </reporter-output>
        </test-method> <!-- DependencyTestUsingAnnotation -->
        <test-method status="PASS" signature="show()[pri:0, instance:com.test.automation.Flipcart@1bce4f0a]" name="show" duration-ms="3462" started-at="2018-07-12T11:38:07Z" finished-at="2018-07-12T11:38:11Z">
          <reporter-output>
          </reporter-output>
        </test-method> <!-- show -->
        <test-method status="PASS" signature="init()[pri:0, instance:com.test.automation.Flipcart@1bce4f0a]" name="init" duration-ms="5018" started-at="2018-07-12T11:38:11Z" depends-on-methods="com.test.automation.Flipcart.show" finished-at="2018-07-12T11:38:16Z">
          <reporter-output>
          </reporter-output>
        </test-method> <!-- init -->
        <test-method status="PASS" signature="display()[pri:0, instance:com.test.automation.Flipcart@1bce4f0a]" name="display" duration-ms="35698" started-at="2018-07-12T11:38:16Z" depends-on-methods="com.test.automation.Flipcart.init" finished-at="2018-07-12T11:38:52Z">
          <reporter-output>
          </reporter-output>
        </test-method> <!-- display -->
        <test-method status="FAIL" signature="find()[pri:0, instance:com.test.automation.Flipcart@1bce4f0a]" name="find" duration-ms="13252" started-at="2018-07-12T11:38:52Z" depends-on-methods="com.test.automation.Flipcart.display" finished-at="2018-07-12T11:39:05Z">
          <exception class="org.openqa.selenium.NoSuchElementException">
            <message>
              <![CDATA[no such element: Unable to locate element: {"method":"id","selector":"pincodeInputId"}
  (Session info: chrome=67.0.3396.99)
  (Driver info: chromedriver=2.40.565498 (ea082db3280dd6843ebfb08a625e3eb905c4f5ab),platform=Windows NT 10.0.16299 x86_64) (WARNING: The server did not provide any stacktrace information)
Command duration or timeout: 0 milliseconds
For documentation on this error, please visit: http://seleniumhq.org/exceptions/no_such_element.html
Build info: version: '3.5.2', revision: '10229a9', time: '2017-08-21T17:29:55.15Z'
System info: host: 'DESKTOP-C360NUF', ip: '192.168.1.150', os.name: 'Windows 10', os.arch: 'amd64', os.version: '10.0', java.version: '1.8.0_171'
Driver info: org.openqa.selenium.chrome.ChromeDriver
Capabilities [{mobileEmulationEnabled=false, hasTouchScreen=false, platform=XP, acceptSslCerts=false, acceptInsecureCerts=false, webStorageEnabled=true, browserName=chrome, takesScreenshot=true, javascriptEnabled=true, setWindowRect=true, unexpectedAlertBehaviour=, applicationCacheEnabled=false, rotatable=false, networkConnectionEnabled=false, chrome={chromedriverVersion=2.40.565498 (ea082db3280dd6843ebfb08a625e3eb905c4f5ab), userDataDir=C:\Users\MANASI~1.KAL\AppData\Local\Temp\scoped_dir9580_31512}, takesHeapSnapshot=true, pageLoadStrategy=normal, unhandledPromptBehavior=, databaseEnabled=false, handlesAlerts=true, version=67.0.3396.99, browserConnectionEnabled=false, nativeEvents=true, locationContextEnabled=true, cssSelectorsEnabled=true}]
Session ID: 39dce9e175eb1182381443ac02bd1e71
*** Element info: {Using=id, value=pincodeInputId}]]>
            </message>
            <full-stacktrace>
              <![CDATA[org.openqa.selenium.NoSuchElementException: no such element: Unable to locate element: {"method":"id","selector":"pincodeInputId"}
  (Session info: chrome=67.0.3396.99)
  (Driver info: chromedriver=2.40.565498 (ea082db3280dd6843ebfb08a625e3eb905c4f5ab),platform=Windows NT 10.0.16299 x86_64) (WARNING: The server did not provide any stacktrace information)
Command duration or timeout: 0 milliseconds
For documentation on this error, please visit: http://seleniumhq.org/exceptions/no_such_element.html
Build info: version: '3.5.2', revision: '10229a9', time: '2017-08-21T17:29:55.15Z'
System info: host: 'DESKTOP-C360NUF', ip: '192.168.1.150', os.name: 'Windows 10', os.arch: 'amd64', os.version: '10.0', java.version: '1.8.0_171'
Driver info: org.openqa.selenium.chrome.ChromeDriver
Capabilities [{mobileEmulationEnabled=false, hasTouchScreen=false, platform=XP, acceptSslCerts=false, acceptInsecureCerts=false, webStorageEnabled=true, browserName=chrome, takesScreenshot=true, javascriptEnabled=true, setWindowRect=true, unexpectedAlertBehaviour=, applicationCacheEnabled=false, rotatable=false, networkConnectionEnabled=false, chrome={chromedriverVersion=2.40.565498 (ea082db3280dd6843ebfb08a625e3eb905c4f5ab), userDataDir=C:\Users\MANASI~1.KAL\AppData\Local\Temp\scoped_dir9580_31512}, takesHeapSnapshot=true, pageLoadStrategy=normal, unhandledPromptBehavior=, databaseEnabled=false, handlesAlerts=true, version=67.0.3396.99, browserConnectionEnabled=false, nativeEvents=true, locationContextEnabled=true, cssSelectorsEnabled=true}]
Session ID: 39dce9e175eb1182381443ac02bd1e71
*** Element info: {Using=id, value=pincodeInputId}
	at sun.reflect.NativeConstructorAccessorImpl.newInstance0(Native Method)
	at sun.reflect.NativeConstructorAccessorImpl.newInstance(NativeConstructorAccessorImpl.java:62)
	at sun.reflect.DelegatingConstructorAccessorImpl.newInstance(DelegatingConstructorAccessorImpl.java:45)
	at java.lang.reflect.Constructor.newInstance(Constructor.java:423)
	at org.openqa.selenium.remote.ErrorHandler.createThrowable(ErrorHandler.java:215)
	at org.openqa.selenium.remote.ErrorHandler.throwIfResponseFailed(ErrorHandler.java:167)
	at org.openqa.selenium.remote.http.JsonHttpResponseCodec.reconstructValue(JsonHttpResponseCodec.java:40)
	at org.openqa.selenium.remote.http.AbstractHttpResponseCodec.decode(AbstractHttpResponseCodec.java:82)
	at org.openqa.selenium.remote.http.AbstractHttpResponseCodec.decode(AbstractHttpResponseCodec.java:45)
	at org.openqa.selenium.remote.HttpCommandExecutor.execute(HttpCommandExecutor.java:164)
	at org.openqa.selenium.remote.service.DriverCommandExecutor.execute(DriverCommandExecutor.java:82)
	at org.openqa.selenium.remote.RemoteWebDriver.execute(RemoteWebDriver.java:641)
	at org.openqa.selenium.remote.RemoteWebDriver.findElement(RemoteWebDriver.java:414)
	at org.openqa.selenium.remote.RemoteWebDriver.findElementById(RemoteWebDriver.java:457)
	at org.openqa.selenium.By$ById.findElement(By.java:218)
	at org.openqa.selenium.remote.RemoteWebDriver.findElement(RemoteWebDriver.java:406)
	at com.test.automation.Flipcart.find(Flipcart.java:77)
	at sun.reflect.NativeMethodAccessorImpl.invoke0(Native Method)
	at sun.reflect.NativeMethodAccessorImpl.invoke(NativeMethodAccessorImpl.java:62)
	at sun.reflect.DelegatingMethodAccessorImpl.invoke(DelegatingMethodAccessorImpl.java:43)
	at java.lang.reflect.Method.invoke(Method.java:498)
	at org.testng.internal.MethodInvocationHelper.invokeMethod(MethodInvocationHelper.java:86)
	at org.testng.internal.Invoker.invokeMethod(Invoker.java:643)
	at org.testng.internal.Invoker.invokeTestMethod(Invoker.java:820)
	at org.testng.internal.Invoker.invokeTestMethods(Invoker.java:1128)
	at org.testng.internal.TestMethodWorker.invokeTestMethods(TestMethodWorker.java:129)
	at org.testng.internal.TestMethodWorker.run(TestMethodWorker.java:112)
	at org.testng.TestRunner.privateRun(TestRunner.java:782)
	at org.testng.TestRunner.run(TestRunner.java:632)
	at org.testng.SuiteRunner.runTest(SuiteRunner.java:366)
	at org.testng.SuiteRunner.runSequentially(SuiteRunner.java:361)
	at org.testng.SuiteRunner.privateRun(SuiteRunner.java:319)
	at org.testng.SuiteRunner.run(SuiteRunner.java:268)
	at org.testng.SuiteRunnerWorker.runSuite(SuiteRunnerWorker.java:52)
	at org.testng.SuiteRunnerWorker.run(SuiteRunnerWorker.java:86)
	at org.testng.TestNG.runSuitesSequentially(TestNG.java:1244)
	at org.testng.TestNG.runSuitesLocally(TestNG.java:1169)
	at org.testng.TestNG.run(TestNG.java:1064)
	at org.testng.remote.AbstractRemoteTestNG.run(AbstractRemoteTestNG.java:114)
	at org.testng.remote.RemoteTestNG.initAndRun(RemoteTestNG.java:251)
	at org.testng.remote.RemoteTestNG.main(RemoteTestNG.java:77)
]]>
            </full-stacktrace>
          </exception> <!-- org.openqa.selenium.NoSuchElementException -->
          <reporter-output>
          </reporter-output>
        </test-method> <!-- find -->
        <test-method status="PASS" signature="afterClass()[pri:0, instance:com.test.automation.Flipcart@1bce4f0a]" name="afterClass" is-config="true" duration-ms="0" started-at="2018-07-12T11:39:05Z" finished-at="2018-07-12T11:39:05Z">
          <reporter-output>
          </reporter-output>
        </test-method> <!-- afterClass -->
      </class> <!-- com.test.automation.Flipcart -->
    </test> <!-- Default test -->
  </suite> <!-- Default suite -->
</testng-results>
