<?xml version="1.0" encoding="UTF-8"?>
<testng-results skipped="0" failed="0" total="1" passed="1">
  <reporter-output>
  </reporter-output>
  <suite name="Surefire suite" duration-ms="77" started-at="2018-07-02T10:30:04Z" finished-at="2018-07-02T10:30:04Z">
    <groups>
    </groups>
    <test name="Surefire test" duration-ms="77" started-at="2018-07-02T10:30:04Z" finished-at="2018-07-02T10:30:04Z">
      <class name="com.test.automation.AppTest">
        <test-method status="PASS" signature="shouldAnswerWithTrue()[pri:0, instance:shouldAnswerWithTrue(com.test.automation.AppTest)]" name="shouldAnswerWithTrue" duration-ms="2" started-at="2018-07-02T16:00:04Z" finished-at="2018-07-02T16:00:04Z">
          <reporter-output>
          </reporter-output>
        </test-method> <!-- shouldAnswerWithTrue -->
      </class> <!-- com.test.automation.AppTest -->
    </test> <!-- Surefire test -->
  </suite> <!-- Surefire suite -->
</testng-results>
