<?xml version="1.0" encoding="UTF-8"?>
<testng-results skipped="0" failed="0" ignored="0" total="1" passed="1">
  <reporter-output>
  </reporter-output>
  <suite name="Default suite" duration-ms="5262" started-at="2018-07-10T05:45:39Z" finished-at="2018-07-10T05:45:45Z">
    <groups>
    </groups>
    <test name="Default test" duration-ms="5262" started-at="2018-07-10T05:45:39Z" finished-at="2018-07-10T05:45:45Z">
      <class name="basic.MyFirstScript">
        <test-method status="PASS" signature="test1()[pri:0, instance:basic.MyFirstScript@56aac163]" name="test1" duration-ms="5241" started-at="2018-07-10T05:45:39Z" finished-at="2018-07-10T05:45:45Z">
          <reporter-output>
          </reporter-output>
        </test-method> <!-- test1 -->
      </class> <!-- basic.MyFirstScript -->
    </test> <!-- Default test -->
  </suite> <!-- Default suite -->
</testng-results>
