<?xml version="1.0" encoding="UTF-8"?>
<testng-results skipped="0" failed="0" ignored="0" total="1" passed="1">
  <reporter-output>
  </reporter-output>
  <suite name="Default suite" duration-ms="11197" started-at="2018-07-03T02:19:23Z" finished-at="2018-07-03T02:19:34Z">
    <groups>
    </groups>
    <test name="Default test" duration-ms="11197" started-at="2018-07-03T02:19:23Z" finished-at="2018-07-03T02:19:34Z">
      <class name="basic.MyFirstScript">
        <test-method status="PASS" signature="test1()[pri:0, instance:basic.MyFirstScript@44c8afef]" name="test1" duration-ms="11165" started-at="2018-07-03T02:19:23Z" finished-at="2018-07-03T02:19:34Z">
          <reporter-output>
          </reporter-output>
        </test-method> <!-- test1 -->
      </class> <!-- basic.MyFirstScript -->
    </test> <!-- Default test -->
  </suite> <!-- Default suite -->
</testng-results>
